SF:lib/models/quote.dart
DA:13,1
DA:23,1
DA:24,1
DA:25,1
DA:26,1
DA:27,1
DA:28,1
DA:29,1
DA:30,1
DA:33,0
DA:34,0
DA:35,0
DA:36,0
DA:37,0
DA:38,0
DA:39,0
DA:40,0
DA:41,0
DA:53,0
DA:54,0
DA:55,0
DA:56,0
DA:57,0
DA:58,2
DA:59,0
DA:60,0
DA:62,0
DA:63,0
DA:64,0
DA:65,0
DA:66,0
DA:67,0
DA:68,0
DA:69,0
DA:70,0
DA:71,0
DA:75,1
DA:76,1
DA:77,1
DA:78,1
DA:79,1
DA:80,1
DA:81,1
DA:82,1
DA:83,1
DA:84,1
LF:46
LH:20
end_of_record
SF:lib/repositories/quote_repository.dart
DA:11,0
DA:15,0
DA:16,0
LF:3
LH:0
end_of_record
SF:lib/bloc/quote_event_bloc.dart
DA:12,1
DA:14,1
DA:15,2
DA:16,2
DA:17,2
DA:19,2
DA:20,2
DA:21,0
DA:23,2
DA:26,2
DA:31,1
DA:33,3
LF:12
LH:11
end_of_record
SF:lib/bloc/fetch_quote_event.dart
DA:4,1
DA:8,1
DA:10,0
DA:11,0
LF:4
LH:2
end_of_record
SF:lib/bloc/quote_event_state.dart
DA:4,1
DA:6,1
DA:7,1
DA:19,1
DA:23,1
DA:24,2
LF:6
LH:6
end_of_record
SF:lib/repositories/quote_api_client.dart
DA:14,0
DA:18,0
DA:19,0
DA:20,0
DA:22,0
DA:23,0
DA:26,0
DA:27,0
LF:8
LH:0
end_of_record
